<?xml version="1.0" encoding="UTF-8"?>
<!-- Generated by org.testng.reporters.JUnitReportReporter -->
<testsuite hostname="DESKTOP-R7F4RG8" failures="0" tests="8" name="Tests.Login" time="73.967" errors="0" timestamp="2023-05-25T17:10:54 IST" skipped="4">
  <testcase classname="Tests.Login" name="login" time="22.429"/>
  <system-out/>
  <testcase classname="Tests.Login" name="login" time="27.474"/>
  <system-out/>
  <testcase classname="Tests.Login" name="login" time="12.375"/>
  <system-out/>
  <testcase classname="Tests.Login" name="login" time="11.689"/>
  <system-out/>
  <testcase classname="Tests.Login" name="loginWithoutCred">
    <skipped/>
  </testcase> <!-- loginWithoutCred -->
  <system-out/>
  <testcase classname="Tests.Login" name="loginWithInvalidCred">
    <skipped/>
  </testcase> <!-- loginWithInvalidCred -->
  <system-out/>
  <testcase classname="Tests.Login" name="loginWithWrongPass">
    <skipped/>
  </testcase> <!-- loginWithWrongPass -->
  <system-out/>
  <testcase classname="Tests.Login" name="loginWithValidCred">
    <skipped/>
  </testcase> <!-- loginWithValidCred -->
  <system-out/>
</testsuite> <!-- Tests.Login -->
